# JRE version: Java(TM) SE Runtime Environment 18.9 (11.0.16+11) (build 11.0.16+11-LTS-199)
# Java VM: Java HotSpot(TM) 64-Bit Server VM 18.9 (11.0.16+11-LTS-199, mixed mode, tiered, compressed oops, g1 gc, windows-amd64)
Heap:
 garbage-first heap   total 157696K, used 84878K [0x0000000081e00000, 0x0000000100000000)
  region size 1024K, 63 young (64512K), 8 survivors (8192K)
 Metaspace       used 67517K, capacity 69154K, committed 69324K, reserved 1110016K
  class space    used 8492K, capacity 9173K, committed 9216K, reserved 1048576K
GC Heap History (10 events):
Event: 7.539 GC heap before
{Heap before GC invocations=8 (full 0):
 garbage-first heap   total 157696K, used 91960K [0x0000000081e00000, 0x0000000100000000)
  region size 1024K, 78 young (79872K), 6 survivors (6144K)
 Metaspace       used 50927K, capacity 52138K, committed 52352K, reserved 1095680K
  class space    used 6216K, capacity 6748K, committed 6784K, reserved 1048576K
}
Event: 7.551 GC heap after
{Heap after GC invocations=9 (full 0):
 garbage-first heap   total 157696K, used 22688K [0x0000000081e00000, 0x0000000100000000)
  region size 1024K, 8 young (8192K), 8 survivors (8192K)
 Metaspace       used 50927K, capacity 52138K, committed 52352K, reserved 1095680K
  class space    used 6216K, capacity 6748K, committed 6784K, reserved 1048576K
}
Event: 9.219 GC heap before
{Heap before GC invocations=9 (full 0):
 garbage-first heap   total 157696K, used 68768K [0x0000000081e00000, 0x0000000100000000)
  region size 1024K, 54 young (55296K), 8 survivors (8192K)
 Metaspace       used 58693K, capacity 59966K, committed 60160K, reserved 1101824K
  class space    used 7405K, capacity 7922K, committed 7936K, reserved 1048576K
}
Event: 9.230 GC heap after
{Heap after GC invocations=10 (full 0):
 garbage-first heap   total 157696K, used 24034K [0x0000000081e00000, 0x0000000100000000)
  region size 1024K, 6 young (6144K), 6 survivors (6144K)
 Metaspace       used 58693K, capacity 59966K, committed 60160K, reserved 1101824K
  class space    used 7405K, capacity 7922K, committed 7936K, reserved 1048576K
}
Event: 10.110 GC heap before
{Heap before GC invocations=11 (full 0):
 garbage-first heap   total 157696K, used 103906K [0x0000000081e00000, 0x0000000100000000)
  region size 1024K, 84 young (86016K), 6 survivors (6144K)
 Metaspace       used 61431K, capacity 62750K, committed 62924K, reserved 1103872K
  class space    used 7779K, capacity 8335K, committed 8448K, reserved 1048576K
}
Event: 10.122 GC heap after
{Heap after GC invocations=12 (full 0):
 garbage-first heap   total 157696K, used 27262K [0x0000000081e00000, 0x0000000100000000)
  region size 1024K, 5 young (5120K), 5 survivors (5120K)
 Metaspace       used 61431K, capacity 62750K, committed 62924K, reserved 1103872K
  class space    used 7779K, capacity 8335K, committed 8448K, reserved 1048576K
}
Event: 11.847 GC heap before
{Heap before GC invocations=12 (full 0):
 garbage-first heap   total 157696K, used 110206K [0x0000000081e00000, 0x0000000100000000)
  region size 1024K, 86 young (88064K), 5 survivors (5120K)
 Metaspace       used 64837K, capacity 66403K, committed 66508K, reserved 1107968K
  class space    used 8236K, capacity 8890K, committed 8960K, reserved 1048576K
}
Event: 11.856 GC heap after
{Heap after GC invocations=13 (full 0):
 garbage-first heap   total 157696K, used 28209K [0x0000000081e00000, 0x0000000100000000)
  region size 1024K, 6 young (6144K), 6 survivors (6144K)
 Metaspace       used 64837K, capacity 66403K, committed 66508K, reserved 1107968K
  class space    used 8236K, capacity 8890K, committed 8960K, reserved 1048576K
}
Event: 12.649 GC heap before
{Heap before GC invocations=13 (full 0):
 garbage-first heap   total 157696K, used 116273K [0x0000000081e00000, 0x0000000100000000)
  region size 1024K, 92 young (94208K), 6 survivors (6144K)
 Metaspace       used 66734K, capacity 68351K, committed 68428K, reserved 1107968K
  class space    used 8421K, capacity 9075K, committed 9088K, reserved 1048576K
}
Event: 12.658 GC heap after
{Heap after GC invocations=14 (full 0):
 garbage-first heap   total 157696K, used 29582K [0x0000000081e00000, 0x0000000100000000)
  region size 1024K, 8 young (8192K), 8 survivors (8192K)
 Metaspace       used 66734K, capacity 68351K, committed 68428K, reserved 1107968K
  class space    used 8421K, capacity 9075K, committed 9088K, reserved 1048576K
}

